WARNING: Information about .sconsign.dblite may be misleading
as it can be edited after state_of_repo.log finishes running

===================================

 *** GIT STATUS ***

===================================
Last commit:

commit 8961132bc41af15c5c9b795be2588e284f05183f
Author: Eric Tang <etang21@stanford.edu>
Date:   Wed Jan 22 17:02:55 2020 -0800

    #164 Update analysis/source/descriptive to use data from Dropbox


Files changed since last commit:


analysis/release/descriptive/plot.eps
analysis/release/descriptive/sconscript_descriptive.log
analysis/release/descriptive/table.txt
analysis/release/sconstruct.log
analysis/release/state_of_repo.log
paper_slides/input/plot.eps
paper_slides/input/table.txt
paper_slides/release/paper/ondeck.pdf
paper_slides/release/paper/online_appendix.pdf
paper_slides/release/paper/paper.pdf
paper_slides/release/paper/sconscript.log
paper_slides/release/paper/text.pdf
paper_slides/release/sconstruct.log
paper_slides/release/state_of_input.log
paper_slides/release/state_of_repo.log
paper_slides/release/talk/sconscript.log
paper_slides/release/talk/slides.pdf

===================================

 *** FILE STATUS ***

===================================
./config_user.yaml:
   modified on: 22 Jan 2020 16:45:52
   size of file: 653
./run.py:
   modified on: 19 Jan 2020 13:28:28
   size of file: 449
./state_of_repo.log:
   modified on: 22 Jan 2020 20:23:11
   size of file: 1117
./SConstruct:
   modified on: 22 Jan 2020 16:47:37
   size of file: 1916
./state_of_input.log:
   modified on: 22 Jan 2020 20:23:11
   size of file: 267
./config_global.yaml:
   modified on: 22 Jan 2020 16:49:43
   size of file: 1361
./sconstruct.log:
   modified on: 22 Jan 2020 20:23:11
   size of file: 199
./source/prepare_data/create_data.m:
   modified on: 19 Jan 2020 13:28:28
   size of file: 202
./source/prepare_data/create_data.sh:
   modified on: 19 Jan 2020 13:28:28
   size of file: 81
./source/prepare_data/create_data.do:
   modified on: 19 Jan 2020 13:28:28
   size of file: 262
./source/prepare_data/SConscript:
   modified on: 20 Jan 2020 17:00:18
   size of file: 1125
./source/prepare_data/create_data.py:
   modified on: 19 Jan 2020 13:28:28
   size of file: 260
./source/prepare_data/create_data.r:
   modified on: 19 Jan 2020 13:28:28
   size of file: 249
./source/descriptive/descriptive.py:
   modified on: 22 Jan 2020 17:01:28
   size of file: 545
./source/descriptive/SConscript:
   modified on: 22 Jan 2020 17:00:36
   size of file: 498
./source/load_data/SConscript:
   modified on: 22 Jan 2020 16:49:58
   size of file: 508
./release/state_of_repo.log:
   modified on: 22 Jan 2020 20:19:50
   size of file: 4075
./release/state_of_input.log:
   modified on: 22 Jan 2020 20:19:50
   size of file: 267
./release/sconstruct.log:
   modified on: 22 Jan 2020 20:19:50
   size of file: 282
./release/descriptive/sconscript_descriptive.log:
   modified on: 22 Jan 2020 17:01:46
   size of file: 96
./release/descriptive/plot.eps:
   modified on: 22 Jan 2020 17:01:46
   size of file: 11716
./release/descriptive/table.txt:
   modified on: 22 Jan 2020 17:01:46
   size of file: 60
./release/lg/data.txt:
   modified on: 20 Jan 2020 17:05:36
   size of file: 1988897
./release/lg/load_data/sconscript_load_data.log:
   modified on: 22 Jan 2020 16:50:22
   size of file: 96
./release/lg/load_data/data.txt:
   modified on: 16 Jan 2018 08:28:52
   size of file: 3453388
./build/prepare_data/sconscript_create_data.log:
   modified on: 20 Jan 2020 17:05:36
   size of file: 1643
./build/prepare_data/data.txt:
   modified on: 20 Jan 2020 17:05:36
   size of file: 1988897
./build/descriptive/sconscript_descriptive.log:
   modified on: 22 Jan 2020 17:01:46
   size of file: 96
./build/descriptive/plot.eps:
   modified on: 22 Jan 2020 17:01:46
   size of file: 11716
./build/descriptive/table.txt:
   modified on: 22 Jan 2020 17:01:46
   size of file: 60
./build/load_data/sconscript_load_data.log:
   modified on: 22 Jan 2020 16:50:22
   size of file: 96
./build/load_data/data.txt:
   modified on: 16 Jan 2018 08:28:52
   size of file: 3453388
