WARNING: Information about .sconsign.dblite may be misleading
as it can be edited after state_of_repo.log finishes running

===================================

 *** GIT STATUS ***

===================================
Last commit:

commit 8961132bc41af15c5c9b795be2588e284f05183f
Author: Eric Tang <etang21@stanford.edu>
Date:   Wed Jan 22 17:02:55 2020 -0800

    #164 Update analysis/source/descriptive to use data from Dropbox


Files changed since last commit:


analysis/release/descriptive/plot.eps
analysis/release/descriptive/sconscript_descriptive.log
analysis/release/descriptive/table.txt
analysis/release/sconstruct.log
analysis/release/state_of_repo.log
paper_slides/input/plot.eps
paper_slides/input/table.txt
paper_slides/release/paper/ondeck.pdf
paper_slides/release/paper/online_appendix.pdf
paper_slides/release/paper/paper.pdf
paper_slides/release/paper/sconscript.log
paper_slides/release/paper/text.pdf
paper_slides/release/sconstruct.log
paper_slides/release/state_of_input.log
paper_slides/release/state_of_repo.log
paper_slides/release/talk/sconscript.log
paper_slides/release/talk/slides.pdf

===================================

 *** FILE STATUS ***

===================================
./config_user.yaml:
   modified on: 22 Jan 2020 20:09:42
   size of file: 646
./run.py:
   modified on: 19 Jan 2020 13:28:28
   size of file: 458
./state_of_repo.log:
   modified on: 22 Jan 2020 20:23:20
   size of file: 1117
./SConstruct:
   modified on: 19 Jan 2020 13:28:28
   size of file: 1818
./state_of_input.log:
   modified on: 22 Jan 2020 20:23:20
   size of file: 154
./config_global.yaml:
   modified on: 19 Jan 2020 13:28:28
   size of file: 1283
./sconstruct.log:
   modified on: 22 Jan 2020 20:23:20
   size of file: 199
./input/plot.eps:
   modified on: 22 Jan 2020 20:20:59
   size of file: 11716
./input/table.txt:
   modified on: 22 Jan 2020 20:20:55
   size of file: 60
./source/paper/paper.lyx:
   modified on: 19 Jan 2020 13:28:28
   size of file: 5236
./source/paper/online_appendix.lyx:
   modified on: 19 Jan 2020 13:28:28
   size of file: 3610
./source/paper/ondeck.lyx:
   modified on: 19 Jan 2020 13:28:28
   size of file: 2522
./source/paper/text.tex:
   modified on: 19 Jan 2020 13:28:28
   size of file: 1300
./source/paper/SConscript:
   modified on: 19 Jan 2020 13:28:28
   size of file: 699
./source/paper/text.lyx:
   modified on: 19 Jan 2020 13:28:28
   size of file: 2522
./source/tables/SConscript:
   modified on: 19 Jan 2020 13:28:28
   size of file: 266
./source/tables/table.lyx:
   modified on: 19 Jan 2020 13:28:28
   size of file: 4082
./source/figures/figure.lyx:
   modified on: 19 Jan 2020 13:28:28
   size of file: 2214
./source/talk/slides.lyx:
   modified on: 19 Jan 2020 13:28:28
   size of file: 4697
./source/talk/SConscript:
   modified on: 19 Jan 2020 13:28:28
   size of file: 259
./release/state_of_repo.log:
   modified on: 22 Jan 2020 20:21:24
   size of file: 4520
./release/state_of_input.log:
   modified on: 22 Jan 2020 20:21:19
   size of file: 154
./release/sconstruct.log:
   modified on: 22 Jan 2020 20:21:24
   size of file: 2504
./release/paper/paper.pdf:
   modified on: 22 Jan 2020 20:21:21
   size of file: 59323
./release/paper/online_appendix.pdf:
   modified on: 22 Jan 2020 20:10:12
   size of file: 45569
./release/paper/ondeck.pdf:
   modified on: 22 Jan 2020 20:10:10
   size of file: 18405
./release/paper/sconscript.log:
   modified on: 22 Jan 2020 20:21:21
   size of file: 454
./release/paper/text.pdf:
   modified on: 22 Jan 2020 20:10:17
   size of file: 18405
./release/talk/slides.pdf:
   modified on: 22 Jan 2020 20:21:23
   size of file: 29898
./release/talk/sconscript.log:
   modified on: 22 Jan 2020 20:21:23
   size of file: 456
./build/paper/paper.pdf:
   modified on: 22 Jan 2020 20:21:21
   size of file: 59323
./build/paper/online_appendix.pdf:
   modified on: 22 Jan 2020 20:10:12
   size of file: 45569
./build/paper/ondeck.pdf:
   modified on: 22 Jan 2020 20:10:10
   size of file: 18405
./build/paper/sconscript.log:
   modified on: 22 Jan 2020 20:21:21
   size of file: 454
./build/paper/text.pdf:
   modified on: 22 Jan 2020 20:10:17
   size of file: 18405
./build/tables/sconscript.log:
   modified on: 22 Jan 2020 20:21:19
   size of file: 154
./build/tables/table.lyx:
   modified on: 22 Jan 2020 20:21:19
   size of file: 4110
./build/talk/slides.pdf:
   modified on: 22 Jan 2020 20:21:23
   size of file: 29898
./build/talk/sconscript.log:
   modified on: 22 Jan 2020 20:21:23
   size of file: 456
